<?xml version="1.0" encoding="UTF-8"?>
  <testsuites tests="22" disabled="15" errors="0" failures="0" time="447.942466086">
      <testsuite name="Performance Addon Operator configuration" package="/home/shajmakh/ghrepo/cluster-node-tuning-operator/test/e2e/performanceprofile/functests/0_config" tests="1" disabled="0" skipped="0" errors="0" failures="0" time="4.9703e-05" timestamp="2026-05-18T14:51:55">
          <properties>
              <property name="SuiteSucceeded" value="true"></property>
              <property name="SuiteHasProgrammaticFocus" value="false"></property>
              <property name="SpecialSuiteFailureReason" value=""></property>
              <property name="SuiteLabels" value="[]"></property>
              <property name="RandomSeed" value="1779105114"></property>
              <property name="RandomizeAllSpecs" value="false"></property>
              <property name="LabelFilter" value=""></property>
              <property name="FocusStrings" value=""></property>
              <property name="SkipStrings" value=""></property>
              <property name="FocusFiles" value=""></property>
              <property name="SkipFiles" value=""></property>
              <property name="FailOnPending" value="false"></property>
              <property name="FailOnEmpty" value="false"></property>
              <property name="FailFast" value="false"></property>
              <property name="FlakeAttempts" value="2"></property>
              <property name="DryRun" value="false"></property>
              <property name="ParallelTotal" value="1"></property>
              <property name="OutputInterceptorMode" value=""></property>
          </properties>
          <testcase name="[ReportAfterSuite] e2e serial suite" classname="Performance Addon Operator configuration" status="passed" time="1.8956e-05">
              <system-err>&gt; Enter [ReportAfterSuite] TOP-LEVEL - /home/shajmakh/ghrepo/cluster-node-tuning-operator/test/e2e/performanceprofile/functests/0_config/test_suite_performance_config_test.go:65 @ 05/18/26 14:51:55.882&#xA;&lt; Exit [ReportAfterSuite] TOP-LEVEL - /home/shajmakh/ghrepo/cluster-node-tuning-operator/test/e2e/performanceprofile/functests/0_config/test_suite_performance_config_test.go:65 @ 05/18/26 14:51:55.882 (0s)&#xA;</system-err>
          </testcase>
      </testsuite>
      <testsuite name="Performance Addon Operator latency tools testing" package="/home/shajmakh/ghrepo/cluster-node-tuning-operator/test/e2e/performanceprofile/functests/5_latency_testing" tests="21" disabled="0" skipped="15" errors="0" failures="0" time="447.942416383" timestamp="2026-05-18T14:52:28">
          <properties>
              <property name="SuiteSucceeded" value="true"></property>
              <property name="SuiteHasProgrammaticFocus" value="true"></property>
              <property name="SpecialSuiteFailureReason" value=""></property>
              <property name="SuiteLabels" value="[]"></property>
              <property name="RandomSeed" value="1779105114"></property>
              <property name="RandomizeAllSpecs" value="false"></property>
              <property name="LabelFilter" value=""></property>
              <property name="FocusStrings" value=""></property>
              <property name="SkipStrings" value=""></property>
              <property name="FocusFiles" value=""></property>
              <property name="SkipFiles" value=""></property>
              <property name="FailOnPending" value="false"></property>
              <property name="FailOnEmpty" value="false"></property>
              <property name="FailFast" value="false"></property>
              <property name="FlakeAttempts" value="2"></property>
              <property name="DryRun" value="false"></property>
              <property name="ParallelTotal" value="1"></property>
              <property name="OutputInterceptorMode" value=""></property>
          </properties>
          <testcase name="[BeforeSuite]" classname="Performance Addon Operator latency tools testing" status="passed" time="30.30521254">
              <system-err>&gt; Enter [BeforeSuite] TOP-LEVEL - /home/shajmakh/ghrepo/cluster-node-tuning-operator/test/e2e/performanceprofile/functests/5_latency_testing/5_latency_testing_suite_test.go:43 @ 05/18/26 14:52:28.078&#xA;STEP: verify if the isolated cpus value under the performance profile &#34;performance&#34; is appropriate for this test suite - /home/shajmakh/ghrepo/cluster-node-tuning-operator/test/e2e/performanceprofile/functests/5_latency_testing/5_latency_testing_suite_test.go:52 @ 05/18/26 14:52:28.183&#xA;May 18 14:52:28.208: [INFO]: current isolated cpus: 1-51,53-103, desired is 1-9&#xA;STEP: Update the isolated and reserved cpus sets of the profile - /home/shajmakh/ghrepo/cluster-node-tuning-operator/test/e2e/performanceprofile/functests/5_latency_testing/5_latency_testing_suite_test.go:72 @ 05/18/26 14:52:28.208&#xA;May 18 14:52:28.319: [INFO]: created namespace &#34;testing-prepull&#34; err=&lt;nil&gt;&#xA;May 18 14:52:28.319: [INFO]: [Info] Environment &#39;&#39; is empty or not set&#xA;May 18 14:52:28.319: [INFO]: pull timeout: 5m0s&#xA;May 18 14:52:28.319: [INFO]: creating daemonset testing-prepull/prepullcnf-tests to prepull &#34;quay.io/openshift-kni/cnf-tests:4.19&#34;&#xA;May 18 14:52:28.346: [INFO]: created daemonset testing-prepull/prepullcnf-tests to prepull &#34;quay.io/openshift-kni/cnf-tests:4.19&#34;:&#xA;{&#34;metadata&#34;:{&#34;name&#34;:&#34;prepullcnf-tests&#34;,&#34;namespace&#34;:&#34;testing-prepull&#34;,&#34;uid&#34;:&#34;b5800975-3c43-44f4-8d13-96594aaa6b09&#34;,&#34;resourceVersion&#34;:&#34;437416&#34;,&#34;generation&#34;:1,&#34;creationTimestamp&#34;:&#34;2026-05-18T11:52:28Z&#34;,&#34;annotations&#34;:{&#34;deprecated.daemonset.template.generation&#34;:&#34;1&#34;},&#34;managedFields&#34;:[{&#34;manager&#34;:&#34;5_latency_testing.test&#34;,&#34;operation&#34;:&#34;Update&#34;,&#34;apiVersion&#34;:&#34;apps/v1&#34;,&#34;time&#34;:&#34;2026-05-18T11:52:28Z&#34;,&#34;fieldsType&#34;:&#34;FieldsV1&#34;,&#34;fieldsV1&#34;:{&#34;f:metadata&#34;:{&#34;f:annotations&#34;:{&#34;.&#34;:{},&#34;f:deprecated.daemonset.template.generation&#34;:{}}},&#34;f:spec&#34;:{&#34;f:revisionHistoryLimit&#34;:{},&#34;f:selector&#34;:{},&#34;f:template&#34;:{&#34;f:metadata&#34;:{&#34;f:labels&#34;:{&#34;.&#34;:{},&#34;f:name&#34;:{}}},&#34;f:spec&#34;:{&#34;f:containers&#34;:{&#34;k:{\&#34;name\&#34;:\&#34;prepullcontainer\&#34;}&#34;:{&#34;.&#34;:{},&#34;f:args&#34;:{},&#34;f:command&#34;:{},&#34;f:image&#34;:{},&#34;f:imagePullPolicy&#34;:{},&#34;f:name&#34;:{},&#34;f:resources&#34;:{},&#34;f:terminationMessagePath&#34;:{},&#34;f:terminationMessagePolicy&#34;:{}}},&#34;f:dnsPolicy&#34;:{},&#34;f:restartPolicy&#34;:{},&#34;f:schedulerName&#34;:{},&#34;f:securityContext&#34;:{},&#34;f:terminationGracePeriodSeconds&#34;:{}}},&#34;f:updateStrategy&#34;:{&#34;f:rollingUpdate&#34;:{&#34;.&#34;:{},&#34;f:maxSurge&#34;:{},&#34;f:maxUnavailable&#34;:{}},&#34;f:type&#34;:{}}}}}]},&#34;spec&#34;:{&#34;selector&#34;:{&#34;matchLabels&#34;:{&#34;name&#34;:&#34;prepull-daemonset-cnf-tests&#34;}},&#34;template&#34;:{&#34;metadata&#34;:{&#34;labels&#34;:{&#34;name&#34;:&#34;prepull-daemonset-cnf-tests&#34;}},&#34;spec&#34;:{&#34;containers&#34;:[{&#34;name&#34;:&#34;prepullcontainer&#34;,&#34;image&#34;:&#34;quay.io/openshift-kni/cnf-tests:4.19&#34;,&#34;command&#34;:[&#34;/bin/sleep&#34;],&#34;args&#34;:[&#34;inf&#34;],&#34;resources&#34;:{},&#34;terminationMessagePath&#34;:&#34;/dev/termination-log&#34;,&#34;terminationMessagePolicy&#34;:&#34;File&#34;,&#34;imagePullPolicy&#34;:&#34;IfNotPresent&#34;}],&#34;restartPolicy&#34;:&#34;Always&#34;,&#34;terminationGracePeriodSeconds&#34;:30,&#34;dnsPolicy&#34;:&#34;ClusterFirst&#34;,&#34;securityContext&#34;:{},&#34;schedulerName&#34;:&#34;default-scheduler&#34;}},&#34;updateStrategy&#34;:{&#34;type&#34;:&#34;RollingUpdate&#34;,&#34;rollingUpdate&#34;:{&#34;maxUnavailable&#34;:1,&#34;maxSurge&#34;:0}},&#34;revisionHistoryLimit&#34;:10},&#34;status&#34;:{&#34;currentNumberScheduled&#34;:0,&#34;numberMisscheduled&#34;:0,&#34;desiredNumberScheduled&#34;:0,&#34;numberReady&#34;:0}}&#xA;May 18 14:52:28.346: [INFO]: wait for the daemonset &#34;testing-prepull&#34; &#34;prepullcnf-tests&#34; to be running&#xA;May 18 14:52:28.386: [WARNING]: daemonset prepullcnf-tests pod testing-prepull/prepullcnf-tests-clxdl is not running, expected status Running got Pending&#xA;May 18 14:52:28.407: [WARNING]: -&gt; Binding Scheduled Successfully assigned testing-prepull/prepullcnf-tests-clxdl to cnfdt7.lab.eng.tlv2.redhat.com&#xA;May 18 14:52:28.407: [WARNING]: daemonset prepullcnf-tests pod testing-prepull/prepullcnf-tests-kch7t is not running, expected status Running got Pending&#xA;May 18 14:52:28.426: [WARNING]: -&gt; Binding Scheduled Successfully assigned testing-prepull/prepullcnf-tests-kch7t to cnfdt6.lab.eng.tlv2.redhat.com&#xA;May 18 14:52:28.426: [WARNING]: daemonset prepullcnf-tests pod testing-prepull/prepullcnf-tests-w2sfq is not running, expected status Running got Pending&#xA;May 18 14:52:28.447: [WARNING]: -&gt; Binding Scheduled Successfully assigned testing-prepull/prepullcnf-tests-w2sfq to cnfdt8.lab.eng.tlv2.redhat.com&#xA;May 18 14:52:58.383: [INFO]: prepulled &#34;quay.io/openshift-kni/cnf-tests:4.19&#34; in 30.064111402s&#xA;&lt; Exit [BeforeSuite] TOP-LEVEL - /home/shajmakh/ghrepo/cluster-node-tuning-operator/test/e2e/performanceprofile/functests/5_latency_testing/5_latency_testing_suite_test.go:43 @ 05/18/26 14:52:58.383 (30.305s)&#xA;</system-err>
          </testcase>
          <testcase name="[It] Test latency measurement tools tests [test_id:42850] Oslat - Verify that the tool is working properly with valid environment variables values" classname="Performance Addon Operator latency tools testing" status="skipped" time="0">
              <skipped message="skipped"></skipped>
          </testcase>
          <testcase name="[It] Test latency measurement tools tests [test_id:42853] Oslat - Verify that the latency tool test should print an expected error message when passing invalid environment variables values" classname="Performance Addon Operator latency tools testing" status="skipped" time="0">
              <skipped message="skipped"></skipped>
          </testcase>
          <testcase name="[It] Test latency measurement tools tests [test_id:42115] Cyclictest - Verify that the tool is working properly with valid environment variables values" classname="Performance Addon Operator latency tools testing" status="skipped" time="0">
              <skipped message="skipped"></skipped>
          </testcase>
          <testcase name="[It] Test latency measurement tools tests [test_id:42852] Cyclictest - Verify that the latency tool test should print an expected error message when passing invalid environment variables values" classname="Performance Addon Operator latency tools testing" status="skipped" time="0">
              <skipped message="skipped"></skipped>
          </testcase>
          <testcase name="[It] Test latency measurement tools tests [test_id:42849] Hwlatdetect - Verify that the tool is working properly with valid environment variables values" classname="Performance Addon Operator latency tools testing" status="skipped" time="0">
              <skipped message="skipped"></skipped>
          </testcase>
          <testcase name="[It] Test latency measurement tools tests [test_id:42856] Hwlatdetect - Verify that the latency tool test should print an expected error message when passing invalid environment variables values" classname="Performance Addon Operator latency tools testing" status="skipped" time="0">
              <skipped message="skipped"></skipped>
          </testcase>
          <testcase name="[It] Latency pod testing when checking pod&#39;s resources should have correct default memory amount when LATENCY_TEST_MEMORY is unset - oslat" classname="Performance Addon Operator latency tools testing" status="skipped" time="0">
              <skipped message="skipped"></skipped>
          </testcase>
          <testcase name="[It] Latency pod testing when checking pod&#39;s resources should have correct default memory amount when LATENCY_TEST_MEMORY is unset - cyclictest" classname="Performance Addon Operator latency tools testing" status="skipped" time="0">
              <skipped message="skipped"></skipped>
          </testcase>
          <testcase name="[It] Latency pod testing when checking pod&#39;s resources should have correct default memory amount when LATENCY_TEST_MEMORY is unset - hwlatdetect" classname="Performance Addon Operator latency tools testing" status="skipped" time="0">
              <skipped message="skipped"></skipped>
          </testcase>
          <testcase name="[It] Latency pod testing when checking pod&#39;s resources should have correct memory amount when LATENCY_TEST_MEMORY is set to a valid quantity - oslat" classname="Performance Addon Operator latency tools testing" status="skipped" time="0">
              <skipped message="skipped"></skipped>
          </testcase>
          <testcase name="[It] Latency pod testing when checking pod&#39;s resources should have correct memory amount when LATENCY_TEST_MEMORY is set to a valid quantity - cyclictest" classname="Performance Addon Operator latency tools testing" status="skipped" time="0">
              <skipped message="skipped"></skipped>
          </testcase>
          <testcase name="[It] Latency pod testing when checking pod&#39;s resources should have correct memory amount when LATENCY_TEST_MEMORY is set to a valid quantity - hwlatdetect" classname="Performance Addon Operator latency tools testing" status="skipped" time="0">
              <skipped message="skipped"></skipped>
          </testcase>
          <testcase name="[It] Latency pod testing when checking pod&#39;s resources should have correct memory amount when LATENCY_TEST_MEMORY is set to dynamic with default CPUs - oslat" classname="Performance Addon Operator latency tools testing" status="passed" time="122.133061642">
              <system-err>&gt; Enter [BeforeEach] when checking pod&#39;s resources - /home/shajmakh/ghrepo/cluster-node-tuning-operator/test/e2e/performanceprofile/functests/5_latency_testing/latency_testing.go:195 @ 05/18/26 14:52:58.383&#xA;&lt; Exit [BeforeEach] when checking pod&#39;s resources - /home/shajmakh/ghrepo/cluster-node-tuning-operator/test/e2e/performanceprofile/functests/5_latency_testing/latency_testing.go:195 @ 05/18/26 14:52:58.383 (0s)&#xA;&gt; Enter [It] - oslat - /home/shajmakh/ghrepo/cluster-node-tuning-operator/test/e2e/performanceprofile/functests/5_latency_testing/latency_testing.go:289 @ 05/18/26 14:52:58.383&#xA;STEP: Run latency tools test : &#xA;LATENCY_TEST_RUNTIME = 120 &#xA;MAXIMUM_LATENCY = 10000000 &#xA;LATENCY_TEST_CPUS = 4 &#xA;LATENCY_TEST_MEMORY = dynamic &#xA; - /home/shajmakh/ghrepo/cluster-node-tuning-operator/test/e2e/performanceprofile/functests/5_latency_testing/latency_testing.go:262 @ 05/18/26 14:52:58.383&#xA;STEP: Get the latency test pod and examining its resources - /home/shajmakh/ghrepo/cluster-node-tuning-operator/test/e2e/performanceprofile/functests/5_latency_testing/latency_testing.go:267 @ 05/18/26 14:52:58.383&#xA;&lt; Exit [It] - oslat - /home/shajmakh/ghrepo/cluster-node-tuning-operator/test/e2e/performanceprofile/functests/5_latency_testing/latency_testing.go:289 @ 05/18/26 14:52:59.424 (1.041s)&#xA;&gt; Enter [AfterEach] when checking pod&#39;s resources - /home/shajmakh/ghrepo/cluster-node-tuning-operator/test/e2e/performanceprofile/functests/5_latency_testing/latency_testing.go:204 @ 05/18/26 14:52:59.425&#xA;[FAILED] Failure recorded during attempt 1:&#xA;Expected success, but got an error:&#xA;    &lt;context.deadlineExceededError&gt;: &#xA;    context deadline exceeded&#xA;    {}&#xA;In [AfterEach] at: /home/shajmakh/ghrepo/cluster-node-tuning-operator/test/e2e/performanceprofile/functests/5_latency_testing/latency_testing.go:205 @ 05/18/26 14:54:59.453&#xA;&lt; Exit [AfterEach] when checking pod&#39;s resources - /home/shajmakh/ghrepo/cluster-node-tuning-operator/test/e2e/performanceprofile/functests/5_latency_testing/latency_testing.go:204 @ 05/18/26 14:54:59.453 (2m0.029s)&#xA;&#xA;Attempt #1 Failed.  Retrying ↺ @ 05/18/26 14:54:59.453&#xA;&#xA;&gt; Enter [BeforeEach] when checking pod&#39;s resources - /home/shajmakh/ghrepo/cluster-node-tuning-operator/test/e2e/performanceprofile/functests/5_latency_testing/latency_testing.go:195 @ 05/18/26 14:54:59.453&#xA;&lt; Exit [BeforeEach] when checking pod&#39;s resources - /home/shajmakh/ghrepo/cluster-node-tuning-operator/test/e2e/performanceprofile/functests/5_latency_testing/latency_testing.go:195 @ 05/18/26 14:54:59.453 (0s)&#xA;&gt; Enter [It] - oslat - /home/shajmakh/ghrepo/cluster-node-tuning-operator/test/e2e/performanceprofile/functests/5_latency_testing/latency_testing.go:289 @ 05/18/26 14:54:59.453&#xA;STEP: Run latency tools test : &#xA;LATENCY_TEST_RUNTIME = 120 &#xA;MAXIMUM_LATENCY = 10000000 &#xA;LATENCY_TEST_CPUS = 4 &#xA;LATENCY_TEST_MEMORY = dynamic &#xA; - /home/shajmakh/ghrepo/cluster-node-tuning-operator/test/e2e/performanceprofile/functests/5_latency_testing/latency_testing.go:262 @ 05/18/26 14:54:59.453&#xA;STEP: Get the latency test pod and examining its resources - /home/shajmakh/ghrepo/cluster-node-tuning-operator/test/e2e/performanceprofile/functests/5_latency_testing/latency_testing.go:267 @ 05/18/26 14:54:59.453&#xA;&lt; Exit [It] - oslat - /home/shajmakh/ghrepo/cluster-node-tuning-operator/test/e2e/performanceprofile/functests/5_latency_testing/latency_testing.go:289 @ 05/18/26 14:54:59.473 (20ms)&#xA;&gt; Enter [AfterEach] when checking pod&#39;s resources - /home/shajmakh/ghrepo/cluster-node-tuning-operator/test/e2e/performanceprofile/functests/5_latency_testing/latency_testing.go:204 @ 05/18/26 14:54:59.473&#xA;&lt; Exit [AfterEach] when checking pod&#39;s resources - /home/shajmakh/ghrepo/cluster-node-tuning-operator/test/e2e/performanceprofile/functests/5_latency_testing/latency_testing.go:204 @ 05/18/26 14:55:00.516 (1.043s)&#xA;</system-err>
          </testcase>
          <testcase name="[It] Latency pod testing when checking pod&#39;s resources should have correct memory amount when LATENCY_TEST_MEMORY is set to dynamic with default CPUs - cyclictest" classname="Performance Addon Operator latency tools testing" status="passed" time="122.156616087">
              <system-err>&gt; Enter [BeforeEach] when checking pod&#39;s resources - /home/shajmakh/ghrepo/cluster-node-tuning-operator/test/e2e/performanceprofile/functests/5_latency_testing/latency_testing.go:195 @ 05/18/26 14:55:00.516&#xA;&lt; Exit [BeforeEach] when checking pod&#39;s resources - /home/shajmakh/ghrepo/cluster-node-tuning-operator/test/e2e/performanceprofile/functests/5_latency_testing/latency_testing.go:195 @ 05/18/26 14:55:00.516 (0s)&#xA;&gt; Enter [It] - cyclictest - /home/shajmakh/ghrepo/cluster-node-tuning-operator/test/e2e/performanceprofile/functests/5_latency_testing/latency_testing.go:290 @ 05/18/26 14:55:00.516&#xA;STEP: Run latency tools test : &#xA;LATENCY_TEST_RUNTIME = 120 &#xA;MAXIMUM_LATENCY = 10000000 &#xA;LATENCY_TEST_CPUS = 4 &#xA;LATENCY_TEST_MEMORY = dynamic &#xA; - /home/shajmakh/ghrepo/cluster-node-tuning-operator/test/e2e/performanceprofile/functests/5_latency_testing/latency_testing.go:262 @ 05/18/26 14:55:00.516&#xA;STEP: Get the latency test pod and examining its resources - /home/shajmakh/ghrepo/cluster-node-tuning-operator/test/e2e/performanceprofile/functests/5_latency_testing/latency_testing.go:267 @ 05/18/26 14:55:00.516&#xA;&lt; Exit [It] - cyclictest - /home/shajmakh/ghrepo/cluster-node-tuning-operator/test/e2e/performanceprofile/functests/5_latency_testing/latency_testing.go:290 @ 05/18/26 14:55:01.561 (1.045s)&#xA;&gt; Enter [AfterEach] when checking pod&#39;s resources - /home/shajmakh/ghrepo/cluster-node-tuning-operator/test/e2e/performanceprofile/functests/5_latency_testing/latency_testing.go:204 @ 05/18/26 14:55:01.561&#xA;[FAILED] Failure recorded during attempt 1:&#xA;Expected success, but got an error:&#xA;    &lt;context.deadlineExceededError&gt;: &#xA;    context deadline exceeded&#xA;    {}&#xA;In [AfterEach] at: /home/shajmakh/ghrepo/cluster-node-tuning-operator/test/e2e/performanceprofile/functests/5_latency_testing/latency_testing.go:205 @ 05/18/26 14:57:01.585&#xA;&lt; Exit [AfterEach] when checking pod&#39;s resources - /home/shajmakh/ghrepo/cluster-node-tuning-operator/test/e2e/performanceprofile/functests/5_latency_testing/latency_testing.go:204 @ 05/18/26 14:57:01.585 (2m0.024s)&#xA;&#xA;Attempt #1 Failed.  Retrying ↺ @ 05/18/26 14:57:01.585&#xA;&#xA;&gt; Enter [BeforeEach] when checking pod&#39;s resources - /home/shajmakh/ghrepo/cluster-node-tuning-operator/test/e2e/performanceprofile/functests/5_latency_testing/latency_testing.go:195 @ 05/18/26 14:57:01.585&#xA;&lt; Exit [BeforeEach] when checking pod&#39;s resources - /home/shajmakh/ghrepo/cluster-node-tuning-operator/test/e2e/performanceprofile/functests/5_latency_testing/latency_testing.go:195 @ 05/18/26 14:57:01.585 (0s)&#xA;&gt; Enter [It] - cyclictest - /home/shajmakh/ghrepo/cluster-node-tuning-operator/test/e2e/performanceprofile/functests/5_latency_testing/latency_testing.go:290 @ 05/18/26 14:57:01.585&#xA;STEP: Run latency tools test : &#xA;LATENCY_TEST_RUNTIME = 120 &#xA;MAXIMUM_LATENCY = 10000000 &#xA;LATENCY_TEST_CPUS = 4 &#xA;LATENCY_TEST_MEMORY = dynamic &#xA; - /home/shajmakh/ghrepo/cluster-node-tuning-operator/test/e2e/performanceprofile/functests/5_latency_testing/latency_testing.go:262 @ 05/18/26 14:57:01.585&#xA;STEP: Get the latency test pod and examining its resources - /home/shajmakh/ghrepo/cluster-node-tuning-operator/test/e2e/performanceprofile/functests/5_latency_testing/latency_testing.go:267 @ 05/18/26 14:57:01.585&#xA;&lt; Exit [It] - cyclictest - /home/shajmakh/ghrepo/cluster-node-tuning-operator/test/e2e/performanceprofile/functests/5_latency_testing/latency_testing.go:290 @ 05/18/26 14:57:01.605 (20ms)&#xA;&gt; Enter [AfterEach] when checking pod&#39;s resources - /home/shajmakh/ghrepo/cluster-node-tuning-operator/test/e2e/performanceprofile/functests/5_latency_testing/latency_testing.go:204 @ 05/18/26 14:57:01.605&#xA;&lt; Exit [AfterEach] when checking pod&#39;s resources - /home/shajmakh/ghrepo/cluster-node-tuning-operator/test/e2e/performanceprofile/functests/5_latency_testing/latency_testing.go:204 @ 05/18/26 14:57:02.673 (1.068s)&#xA;</system-err>
          </testcase>
          <testcase name="[It] Latency pod testing when checking pod&#39;s resources should have correct memory amount when LATENCY_TEST_MEMORY is set to dynamic with default CPUs - hwlatdetect" classname="Performance Addon Operator latency tools testing" status="passed" time="122.148709616">
              <system-err>&gt; Enter [BeforeEach] when checking pod&#39;s resources - /home/shajmakh/ghrepo/cluster-node-tuning-operator/test/e2e/performanceprofile/functests/5_latency_testing/latency_testing.go:195 @ 05/18/26 14:57:02.673&#xA;&lt; Exit [BeforeEach] when checking pod&#39;s resources - /home/shajmakh/ghrepo/cluster-node-tuning-operator/test/e2e/performanceprofile/functests/5_latency_testing/latency_testing.go:195 @ 05/18/26 14:57:02.673 (0s)&#xA;&gt; Enter [It] - hwlatdetect - /home/shajmakh/ghrepo/cluster-node-tuning-operator/test/e2e/performanceprofile/functests/5_latency_testing/latency_testing.go:291 @ 05/18/26 14:57:02.673&#xA;STEP: Run latency tools test : &#xA;LATENCY_TEST_RUNTIME = 120 &#xA;MAXIMUM_LATENCY = 10000000 &#xA;LATENCY_TEST_CPUS = 4 &#xA;LATENCY_TEST_MEMORY = dynamic &#xA; - /home/shajmakh/ghrepo/cluster-node-tuning-operator/test/e2e/performanceprofile/functests/5_latency_testing/latency_testing.go:262 @ 05/18/26 14:57:02.673&#xA;STEP: Get the latency test pod and examining its resources - /home/shajmakh/ghrepo/cluster-node-tuning-operator/test/e2e/performanceprofile/functests/5_latency_testing/latency_testing.go:267 @ 05/18/26 14:57:02.673&#xA;&lt; Exit [It] - hwlatdetect - /home/shajmakh/ghrepo/cluster-node-tuning-operator/test/e2e/performanceprofile/functests/5_latency_testing/latency_testing.go:291 @ 05/18/26 14:57:03.715 (1.042s)&#xA;&gt; Enter [AfterEach] when checking pod&#39;s resources - /home/shajmakh/ghrepo/cluster-node-tuning-operator/test/e2e/performanceprofile/functests/5_latency_testing/latency_testing.go:204 @ 05/18/26 14:57:03.715&#xA;[FAILED] Failure recorded during attempt 1:&#xA;Expected success, but got an error:&#xA;    &lt;context.deadlineExceededError&gt;: &#xA;    context deadline exceeded&#xA;    {}&#xA;In [AfterEach] at: /home/shajmakh/ghrepo/cluster-node-tuning-operator/test/e2e/performanceprofile/functests/5_latency_testing/latency_testing.go:205 @ 05/18/26 14:59:03.745&#xA;&lt; Exit [AfterEach] when checking pod&#39;s resources - /home/shajmakh/ghrepo/cluster-node-tuning-operator/test/e2e/performanceprofile/functests/5_latency_testing/latency_testing.go:204 @ 05/18/26 14:59:03.745 (2m0.03s)&#xA;&#xA;Attempt #1 Failed.  Retrying ↺ @ 05/18/26 14:59:03.745&#xA;&#xA;&gt; Enter [BeforeEach] when checking pod&#39;s resources - /home/shajmakh/ghrepo/cluster-node-tuning-operator/test/e2e/performanceprofile/functests/5_latency_testing/latency_testing.go:195 @ 05/18/26 14:59:03.745&#xA;&lt; Exit [BeforeEach] when checking pod&#39;s resources - /home/shajmakh/ghrepo/cluster-node-tuning-operator/test/e2e/performanceprofile/functests/5_latency_testing/latency_testing.go:195 @ 05/18/26 14:59:03.745 (0s)&#xA;&gt; Enter [It] - hwlatdetect - /home/shajmakh/ghrepo/cluster-node-tuning-operator/test/e2e/performanceprofile/functests/5_latency_testing/latency_testing.go:291 @ 05/18/26 14:59:03.745&#xA;STEP: Run latency tools test : &#xA;LATENCY_TEST_RUNTIME = 120 &#xA;MAXIMUM_LATENCY = 10000000 &#xA;LATENCY_TEST_CPUS = 4 &#xA;LATENCY_TEST_MEMORY = dynamic &#xA; - /home/shajmakh/ghrepo/cluster-node-tuning-operator/test/e2e/performanceprofile/functests/5_latency_testing/latency_testing.go:262 @ 05/18/26 14:59:03.745&#xA;STEP: Get the latency test pod and examining its resources - /home/shajmakh/ghrepo/cluster-node-tuning-operator/test/e2e/performanceprofile/functests/5_latency_testing/latency_testing.go:267 @ 05/18/26 14:59:03.745&#xA;&lt; Exit [It] - hwlatdetect - /home/shajmakh/ghrepo/cluster-node-tuning-operator/test/e2e/performanceprofile/functests/5_latency_testing/latency_testing.go:291 @ 05/18/26 14:59:03.766 (21ms)&#xA;&gt; Enter [AfterEach] when checking pod&#39;s resources - /home/shajmakh/ghrepo/cluster-node-tuning-operator/test/e2e/performanceprofile/functests/5_latency_testing/latency_testing.go:204 @ 05/18/26 14:59:03.766&#xA;&lt; Exit [AfterEach] when checking pod&#39;s resources - /home/shajmakh/ghrepo/cluster-node-tuning-operator/test/e2e/performanceprofile/functests/5_latency_testing/latency_testing.go:204 @ 05/18/26 14:59:04.822 (1.056s)&#xA;</system-err>
          </testcase>
          <testcase name="[It] Latency pod testing when checking pod&#39;s resources should have correct memory amount when LATENCY_TEST_MEMORY is set to dynamic with user specified CPUs - oslat" classname="Performance Addon Operator latency tools testing" status="skipped" time="0">
              <skipped message="skipped"></skipped>
          </testcase>
          <testcase name="[It] Latency pod testing when checking pod&#39;s resources should have correct memory amount when LATENCY_TEST_MEMORY is set to dynamic with user specified CPUs - cyclictest" classname="Performance Addon Operator latency tools testing" status="skipped" time="0">
              <skipped message="skipped"></skipped>
          </testcase>
          <testcase name="[It] Latency pod testing when checking pod&#39;s resources should have correct memory amount when LATENCY_TEST_MEMORY is set to dynamic with user specified CPUs - hwlatdetect" classname="Performance Addon Operator latency tools testing" status="skipped" time="0">
              <skipped message="skipped"></skipped>
          </testcase>
          <testcase name="[AfterSuite]" classname="Performance Addon Operator latency tools testing" status="passed" time="51.19797937">
              <system-err>&gt; Enter [AfterSuite] TOP-LEVEL - /home/shajmakh/ghrepo/cluster-node-tuning-operator/test/e2e/performanceprofile/functests/5_latency_testing/5_latency_testing_suite_test.go:100 @ 05/18/26 14:59:04.822&#xA;&lt; Exit [AfterSuite] TOP-LEVEL - /home/shajmakh/ghrepo/cluster-node-tuning-operator/test/e2e/performanceprofile/functests/5_latency_testing/5_latency_testing_suite_test.go:100 @ 05/18/26 14:59:56.02 (51.198s)&#xA;</system-err>
          </testcase>
          <testcase name="[ReportAfterSuite] e2e serial suite" classname="Performance Addon Operator latency tools testing" status="passed" time="4.2299e-05">
              <system-err>&gt; Enter [ReportAfterSuite] TOP-LEVEL - /home/shajmakh/ghrepo/cluster-node-tuning-operator/test/e2e/performanceprofile/functests/5_latency_testing/5_latency_testing_suite_test.go:126 @ 05/18/26 14:59:56.02&#xA;&lt; Exit [ReportAfterSuite] TOP-LEVEL - /home/shajmakh/ghrepo/cluster-node-tuning-operator/test/e2e/performanceprofile/functests/5_latency_testing/5_latency_testing_suite_test.go:126 @ 05/18/26 14:59:56.02 (0s)&#xA;</system-err>
          </testcase>
      </testsuite>
  </testsuites>